Log file open, 01/23/19 11:47:17
LogWindows: Failed to load 'aqProf.dll' (GetLastError=126)
LogWindows: File 'aqProf.dll' does not exist
LogWindows: Failed to load 'VSPerf140.dll' (GetLastError=126)
LogWindows: File 'VSPerf140.dll' does not exist
LogWindows: Failed to load 'VtuneApi.dll' (GetLastError=126)
LogWindows: File 'VtuneApi.dll' does not exist
LogWindows: Failed to load 'VtuneApi32e.dll' (GetLastError=126)
LogWindows: File 'VtuneApi32e.dll' does not exist
LogInit: Display: Running engine for game: SG_ICWhiteBox_001
LogPlatformFile: Not using cached read wrapper
LogTaskGraph: Started task graph with 5 named threads and 35 total threads with 3 sets of task threads.
LogStats: Stats thread started at 0.574885
LogD3D11RHI: Loaded GFSDK_Aftermath_Lib.x64.dll
LogICUInternationalization: Display: ICU TimeZone Detection - Raw Offset: -7:00, Platform Override: ''
LogPluginManager: Mounting plugin Paper2D
LogPluginManager: Mounting plugin AISupport
LogPluginManager: Mounting plugin LightPropagationVolume
LogPluginManager: Mounting plugin CLionSourceCodeAccess
LogPluginManager: Mounting plugin CodeLiteSourceCodeAccess
LogPluginManager: Mounting plugin GitSourceControl
LogPluginManager: Mounting plugin KDevelopSourceCodeAccess
LogPluginManager: Mounting plugin NullSourceCodeAccess
LogPluginManager: Mounting plugin PerforceSourceControl
LogPluginManager: Mounting plugin SubversionSourceControl
LogPluginManager: Mounting plugin UObjectPlugin
LogPluginManager: Mounting plugin VisualStudioCodeSourceCodeAccess
LogPluginManager: Mounting plugin VisualStudioSourceCodeAccess
LogPluginManager: Mounting plugin XCodeSourceCodeAccess
LogPluginManager: Mounting plugin AssetManagerEditor
LogPluginManager: Mounting plugin CryptoKeys
LogPluginManager: Mounting plugin DataValidation
LogPluginManager: Mounting plugin FacialAnimation
LogPluginManager: Mounting plugin GameplayTagsEditor
LogPluginManager: Mounting plugin MacGraphicsSwitching
LogPluginManager: Mounting plugin MeshEditor
LogPluginManager: Mounting plugin MobileLauncherProfileWizard
LogPluginManager: Mounting plugin PluginBrowser
LogPluginManager: Mounting plugin SpeedTreeImporter
LogPluginManager: Mounting plugin DatasmithContent
LogPluginManager: Mounting plugin AlembicImporter
LogPluginManager: Mounting plugin AppleImageUtils
LogPluginManager: Mounting plugin AppleVision
LogPluginManager: Mounting plugin BackChannel
LogPluginManager: Mounting plugin CharacterAI
LogPluginManager: Mounting plugin GeometryCache
LogPluginManager: Mounting plugin HTML5Networking
LogPluginManager: Mounting plugin ProxyLODPlugin
LogPluginManager: Mounting plugin MagicLeap
LogPluginManager: Mounting plugin MagicLeapEmulator
LogPluginManager: Mounting plugin MagicLeapMedia
LogPluginManager: Mounting plugin AndroidMedia
LogPluginManager: Mounting plugin AvfMedia
LogPluginManager: Mounting plugin ImgMedia
LogPluginManager: Mounting plugin LinearTimecode
LogPluginManager: Mounting plugin MediaCompositing
LogPluginManager: Mounting plugin MediaPlayerEditor
LogPluginManager: Mounting plugin WmfMedia
LogPluginManager: Mounting plugin TcpMessaging
LogPluginManager: Mounting plugin UdpMessaging
LogPluginManager: Mounting plugin ActorSequence
LogPluginManager: Mounting plugin LevelSequenceEditor
LogPluginManager: Mounting plugin MatineeToLevelSequence
LogPluginManager: Mounting plugin NetcodeUnitTest
LogPluginManager: Mounting plugin NUTUnrealEngine4
LogPluginManager: Mounting plugin OnlineSubsystemGooglePlay
LogPluginManager: Mounting plugin OnlineSubsystemIOS
LogPluginManager: Mounting plugin OnlineSubsystem
LogPluginManager: Mounting plugin OnlineSubsystemNull
LogPluginManager: Mounting plugin OnlineSubsystemUtils
LogPluginManager: Mounting plugin LauncherChunkInstaller
LogPluginManager: Mounting plugin AndroidDeviceProfileSelector
LogPluginManager: Mounting plugin AndroidMoviePlayer
LogPluginManager: Mounting plugin AndroidPermission
LogPluginManager: Mounting plugin AppleMoviePlayer
LogPluginManager: Mounting plugin ArchVisCharacter
LogPluginManager: Mounting plugin AudioCapture
LogPluginManager: Mounting plugin CableComponent
LogPluginManager: Mounting plugin CustomMeshComponent
LogPluginManager: Mounting plugin EditableMesh
LogPluginManager: Mounting plugin ExampleDeviceProfileSelector
LogPluginManager: Mounting plugin GoogleCloudMessaging
LogPluginManager: Mounting plugin ImmediatePhysics
LogPluginManager: Mounting plugin IOSDeviceProfileSelector
LogPluginManager: Mounting plugin LinuxDeviceProfileSelector
LogPluginManager: Mounting plugin LocationServicesBPLibrary
LogPluginManager: Mounting plugin MobilePatchingUtils
LogPluginManager: Mounting plugin OculusVR
LogPluginManager: Plugin shader directory ../../../Engine/Plugins/Runtime/Oculus/OculusVR/Shaders found
LogPluginManager: Mapping shader source directory ../../../Engine/Plugins/Runtime/Oculus/OculusVR/Shaders to virtual directory /Plugin/OculusVR
LogPluginManager: Mounting plugin PhysXVehicles
LogPluginManager: Mounting plugin ProceduralMeshComponent
LogPluginManager: Mounting plugin RuntimePhysXCooking
LogPluginManager: Mounting plugin SteamVR
LogPluginManager: Mounting plugin WindowsMoviePlayer
LogStreaming: Display: Took  0.520s to configure plugins.
LogInit: Using libcurl 7.55.1-DEV
LogInit:  - built for x86_64-pc-win32
LogInit:  - supports SSL with OpenSSL/1.0.2h
LogInit:  - supports HTTP deflate (compression) using libz 1.2.8
LogInit:  - other features:
LogInit:      CURL_VERSION_SSL
LogInit:      CURL_VERSION_LIBZ
LogInit:      CURL_VERSION_IPV6
LogInit:      CURL_VERSION_ASYNCHDNS
LogInit:      CURL_VERSION_LARGEFILE
LogInit:      CURL_VERSION_IDN
LogInit:  CurlRequestOptions (configurable via config and command line):
LogInit:  - bVerifyPeer = false  - Libcurl will NOT verify peer certificate
LogInit:  - bUseHttpProxy = false  - Libcurl will NOT use HTTP proxy
LogInit:  - bDontReuseConnections = false  - Libcurl will reuse connections
LogInit:  - CertBundlePath = nullptr  - Libcurl will use whatever was configured at build time.
LogInit:  - MaxHostConnections = 16  - Libcurl will limit the number of connections to a host
LogInit:  - LocalHostAddr = Default
LogInit:  - BufferSize = 65536
LogInit: WinSock: version 1.1 (2.2), MaxSocks=32767, MaxUdp=65467
LogInit: Build: ++UE4+Release-4.20-CL-4369336
LogInit: Engine Version: 4.20.3-4369336+++UE4+Release-4.20
LogInit: Compatible Engine Version: 4.20.0-4212847+++UE4+Release-4.20
LogInit: Net CL: 4212847
LogInit: OS: Windows 10 (), CPU: Intel(R) Core(TM) i7-8750H CPU @ 2.20GHz, GPU: Intel(R) UHD Graphics 630
LogInit: Compiled (64-bit): Sep 17 2018 12:26:19
LogInit: Compiled with Visual C++: 19.13.26129.00
LogInit: Build Configuration: Development
LogInit: Branch Name: ++UE4+Release-4.20
LogInit: Command Line: -EpicPortal -epicusername="SGold97" -epicuserid=3a349ace545745f3914b6a36540bcf58 -epiclocale=en-US
LogInit: Base Directory: C:/Program Files/Epic Games/UE_4.20/Engine/Binaries/Win64/
LogInit: Installed Engine Build: 1
LogDevObjectVersion: Number of dev versions registered: 20
LogDevObjectVersion:   Dev-Blueprints (B0D832E4-1F89-4F0D-ACCF-7EB736FD4AA2): 10
LogDevObjectVersion:   Dev-Build (E1C64328-A22C-4D53-A36C-8E866417BD8C): 0
LogDevObjectVersion:   Dev-Core (375EC13C-06E4-48FB-B500-84F0262A717E): 2
LogDevObjectVersion:   Dev-Editor (E4B068ED-F494-42E9-A231-DA0B2E46BB41): 24
LogDevObjectVersion:   Dev-Framework (CFFC743F-43B0-4480-9391-14DF171D2073): 34
LogDevObjectVersion:   Dev-Mobile (B02B49B5-BB20-44E9-A304-32B752E40360): 2
LogDevObjectVersion:   Dev-Networking (A4E4105C-59A1-49B5-A7C5-40C4547EDFEE): 0
LogDevObjectVersion:   Dev-Online (39C831C9-5AE6-47DC-9A44-9C173E1C8E7C): 0
LogDevObjectVersion:   Dev-Physics (78F01B33-EBEA-4F98-B9B4-84EACCB95AA2): 0
LogDevObjectVersion:   Dev-Platform (6631380F-2D4D-43E0-8009-CF276956A95A): 0
LogDevObjectVersion:   Dev-Rendering (12F88B9F-8875-4AFC-A67C-D90C383ABD29): 26
LogDevObjectVersion:   Dev-Sequencer (7B5AE74C-D270-4C10-A958-57980B212A5A): 9
LogDevObjectVersion:   Dev-VR (D7296918-1DD6-4BDD-9DE2-64A83CC13884): 2
LogDevObjectVersion:   Dev-LoadTimes (C2A15278-BFE7-4AFE-6C17-90FF531DF755): 1
LogDevObjectVersion:   Private-Geometry (6EACA3D4-40EC-4CC1-B786-8BED09428FC5): 3
LogDevObjectVersion:   Dev-AnimPhys (29E575DD-E0A3-4627-9D10-D276232CDCEA): 17
LogDevObjectVersion:   Dev-ReflectionCapture (6B266CEC-1EC7-4B8F-A30B-E4D90942FC07): 1
LogDevObjectVersion:   Dev-Automation (0DF73D61-A23F-47EA-B727-89E90C41499A): 1
LogDevObjectVersion:   FortniteMain (601D1886-AC64-4F84-AA16-D3DE0DEAC7D6): 12
LogDevObjectVersion:   Dev-Enterprise (9DFFBCD6-494F-0158-E221-12823C92A888): 1
LogStreaming: Display: Took  0.009s to delete old logs.
LogInit: Presizing for max 8388607 objects, including 0 objects not considered by GC, pre-allocating 0 bytes for permanent pool.
LogInit: Object subsystem initialized
[2019.01.23-18.47.18:155][  0]LogInit: Selected Device Profile: [Windows]
[2019.01.23-18.47.18:155][  0]LogInit: Applying CVar settings loaded from the selected device profile: [Windows]
[2019.01.23-18.47.18:191][  0]LogHAL: Display: Platform has ~ 8 GB [8429383680 / 8589934592 / 8], which maps to Default [LargestMinGB=32, LargerMinGB=12, DefaultMinGB=8, SmallerMinGB=6, SmallestMinGB=0)
[2019.01.23-18.47.18:191][  0]LogInit: Setting Device Profile CVar: [[r.Vulkan.UseRealUBs:1]]
[2019.01.23-18.47.18:191][  0]LogInit: Going up to parent DeviceProfile []
[2019.01.23-18.47.18:193][  0]LogInit: Computer: DESKTOP-F6R62GP
[2019.01.23-18.47.18:193][  0]LogInit: User: Owner
[2019.01.23-18.47.18:193][  0]LogInit: CPU Page size=4096, Cores=6
[2019.01.23-18.47.18:193][  0]LogInit: High frequency timer resolution =2.156251 MHz
[2019.01.23-18.47.18:194][  0]LogMemory: Memory total: Physical=7.9GB (8GB approx)
[2019.01.23-18.47.18:194][  0]LogMemory: Platform Memory Stats for Windows
[2019.01.23-18.47.18:194][  0]LogMemory: Process Physical Memory: 101.22 MB used, 101.22 MB peak
[2019.01.23-18.47.18:194][  0]LogMemory: Process Virtual Memory: 86.01 MB used, 86.01 MB peak
[2019.01.23-18.47.18:194][  0]LogMemory: Physical Memory: 5004.31 MB used,  3034.57 MB free, 8038.89 MB total
[2019.01.23-18.47.18:194][  0]LogMemory: Virtual Memory: 4657.56 MB used,  3034.57 MB free, 134217728.00 MB total
[2019.01.23-18.47.18:323][  0]LogInit: Using OS detected language (en-US).
[2019.01.23-18.47.18:324][  0]LogInit: Using OS detected locale (en-US).
[2019.01.23-18.47.18:326][  0]LogTextLocalizationManager: No specific localization for 'en-US' exists, so the 'en' localization will be used.
[2019.01.23-18.47.19:196][  0]LogStreaming: Display: Took  0.874s to InitEngineTextLocalization.
[2019.01.23-18.47.19:197][  0]LogInit: Setting process to per monitor DPI aware
[2019.01.23-18.47.19:288][  0]LogSlate: New Slate User Created.  User Index 0, Is Virtual User: 0
[2019.01.23-18.47.19:288][  0]LogSlate: Slate User Registered.  User Index 0, Is Virtual User: 0
[2019.01.23-18.47.20:636][  0]LogHMD: Failed to initialize OpenVR with code 110
[2019.01.23-18.47.20:636][  0]LogD3D11RHI: D3D11 adapters:
[2019.01.23-18.47.20:808][  0]LogD3D11RHI:    0. 'NVIDIA GeForce GTX 1050' (Feature Level 11_0)
[2019.01.23-18.47.20:808][  0]LogD3D11RHI:       4019/0/4019 MB DedicatedVideo/DedicatedSystem/SharedSystem, Outputs:1, VendorId:0x10de
[2019.01.23-18.47.20:852][  0]LogD3D11RHI:    1. 'Intel(R) UHD Graphics 630' (Feature Level 11_0)
[2019.01.23-18.47.20:852][  0]LogD3D11RHI:       128/0/4019 MB DedicatedVideo/DedicatedSystem/SharedSystem, Outputs:0, VendorId:0x8086
[2019.01.23-18.47.20:858][  0]LogD3D11RHI:    2. 'Microsoft Basic Render Driver' (Feature Level 11_0)
[2019.01.23-18.47.20:859][  0]LogD3D11RHI:       0/0/4019 MB DedicatedVideo/DedicatedSystem/SharedSystem, Outputs:0, VendorId:0x1414
[2019.01.23-18.47.20:859][  0]LogD3D11RHI: Chosen D3D11 Adapter: 0
[2019.01.23-18.47.21:031][  0]LogD3D11RHI: Creating new Direct3DDevice
[2019.01.23-18.47.21:031][  0]LogD3D11RHI:     GPU DeviceId: 0x1c8d (for the marketing name, search the web for "GPU Device Id")
[2019.01.23-18.47.21:032][  0]LogWindows: EnumDisplayDevices:
[2019.01.23-18.47.21:032][  0]LogWindows:    0. 'Intel(R) UHD Graphics 630' (P:1 D:1)
[2019.01.23-18.47.21:033][  0]LogWindows:    1. 'Intel(R) UHD Graphics 630' (P:0 D:0)
[2019.01.23-18.47.21:033][  0]LogWindows:    2. 'Intel(R) UHD Graphics 630' (P:0 D:0)
[2019.01.23-18.47.21:034][  0]LogWindows:    3. 'NVIDIA GeForce GTX 1050' (P:0 D:0)
[2019.01.23-18.47.21:035][  0]LogWindows:    4. 'NVIDIA GeForce GTX 1050' (P:0 D:0)
[2019.01.23-18.47.21:036][  0]LogWindows:    5. 'NVIDIA GeForce GTX 1050' (P:0 D:0)
[2019.01.23-18.47.21:037][  0]LogWindows:    6. 'NVIDIA GeForce GTX 1050' (P:0 D:0)
[2019.01.23-18.47.21:038][  0]LogWindows: DebugString: PrimaryIsNotTheChoosenAdapter PrimaryIsNotTheChoosenAdapter PrimaryIsNotTheChoosenAdapter FoundDriverCount:4 
[2019.01.23-18.47.21:038][  0]LogD3D11RHI:     Adapter Name: NVIDIA GeForce GTX 1050
[2019.01.23-18.47.21:038][  0]LogD3D11RHI:   Driver Version: 416.16 (internal:25.21.14.1616, unified:416.16)
[2019.01.23-18.47.21:038][  0]LogD3D11RHI:      Driver Date: 10-2-2018
[2019.01.23-18.47.21:038][  0]LogRHI: Texture pool is 2813 MB (70% of 4019 MB)
[2019.01.23-18.47.21:159][  0]LogD3D11RHI: Async texture creation enabled
[2019.01.23-18.47.21:200][  0]LogD3D11RHI: GPU Timing Frequency: 1000.000000 (Debug: 2 2)
[2019.01.23-18.47.21:203][  0]LogShaderCompilers: Guid format shader working directory is -30 characters bigger than the processId version (../../../../../../Users/Owner/Documents/SG_AssetPipeline/SG_ICWhiteBox_001/Intermediate/Shaders/WorkingDirectory/308548/).
[2019.01.23-18.47.21:204][  0]LogShaderCompilers: Cleaned the shader compiler working directory 'C:/Users/Owner/AppData/Local/Temp/UnrealShaderWorkingDir/0A70973442F604EA81D9169ACB0055E9/'.
[2019.01.23-18.47.22:057][  0]LogTemp: Display: Loaded TP AllDesktopTargetPlatform
[2019.01.23-18.47.22:102][  0]LogTemp: Display: Loaded TP MacClientTargetPlatform
[2019.01.23-18.47.22:153][  0]LogTemp: Display: Loaded TP MacNoEditorTargetPlatform
[2019.01.23-18.47.22:189][  0]LogTemp: Display: Loaded TP MacServerTargetPlatform
[2019.01.23-18.47.22:226][  0]LogTemp: Display: Loaded TP MacTargetPlatform
[2019.01.23-18.47.22:270][  0]LogTemp: Display: Loaded TP WindowsClientTargetPlatform
[2019.01.23-18.47.22:303][  0]LogTemp: Display: Loaded TP WindowsNoEditorTargetPlatform
[2019.01.23-18.47.22:337][  0]LogTemp: Display: Loaded TP WindowsServerTargetPlatform
[2019.01.23-18.47.22:355][  0]LogTemp: Display: Loaded TP WindowsTargetPlatform
[2019.01.23-18.47.22:561][  0]LogTemp: Display: Loaded TP AndroidTargetPlatform
[2019.01.23-18.47.22:561][  0]LogTemp: Display: Loaded TP AndroidTargetPlatform
[2019.01.23-18.47.22:561][  0]LogTemp: Display: Loaded TP AndroidTargetPlatform
[2019.01.23-18.47.22:561][  0]LogTemp: Display: Loaded TP AndroidTargetPlatform
[2019.01.23-18.47.22:561][  0]LogTemp: Display: Loaded TP AndroidTargetPlatform
[2019.01.23-18.47.22:561][  0]LogTemp: Display: Loaded TP AndroidTargetPlatform
[2019.01.23-18.47.22:561][  0]LogTemp: Display: Loaded TP AndroidTargetPlatform
[2019.01.23-18.47.22:562][  0]LogTemp: Display: Loaded TP AndroidTargetPlatform
[2019.01.23-18.47.22:562][  0]LogTemp: Display: Loaded TP AndroidTargetPlatform
[2019.01.23-18.47.22:562][  0]LogTemp: Display: Loaded TP AndroidTargetPlatform
[2019.01.23-18.47.22:562][  0]LogTemp: Display: Loaded TP AndroidTargetPlatform
[2019.01.23-18.47.22:562][  0]LogTemp: Display: Loaded TP AndroidTargetPlatform
[2019.01.23-18.47.22:562][  0]LogTemp: Display: Loaded TP AndroidTargetPlatform
[2019.01.23-18.47.22:562][  0]LogTemp: Display: Loaded TP AndroidTargetPlatform
[2019.01.23-18.47.22:562][  0]LogTemp: Display: Loaded TP AndroidTargetPlatform
[2019.01.23-18.47.22:562][  0]LogTemp: Display: Loaded TP AndroidTargetPlatform
[2019.01.23-18.47.22:562][  0]LogTemp: Display: Loaded TP AndroidTargetPlatform
[2019.01.23-18.47.22:562][  0]LogTemp: Display: Loaded TP AndroidTargetPlatform
[2019.01.23-18.47.22:568][  0]LogTemp: Display: Loaded TP HTML5TargetPlatform
[2019.01.23-18.47.22:688][  0]LogTemp: Display: Loaded TP IOSTargetPlatform
[2019.01.23-18.47.22:688][  0]LogTemp: Display: Loaded TP IOSTargetPlatform
[2019.01.23-18.47.22:762][  0]LogTemp: Display: Loaded TP TVOSTargetPlatform
[2019.01.23-18.47.22:762][  0]LogTemp: Display: Loaded TP TVOSTargetPlatform
[2019.01.23-18.47.22:796][  0]LogTemp: Display: Loaded TP LinuxClientTargetPlatform
[2019.01.23-18.47.22:834][  0]LogTemp: Display: Loaded TP LinuxNoEditorTargetPlatform
[2019.01.23-18.47.22:877][  0]LogTemp: Display: Loaded TP LinuxServerTargetPlatform
[2019.01.23-18.47.22:924][  0]LogTemp: Display: Loaded TP LinuxTargetPlatform
[2019.01.23-18.47.22:951][  0]LogTemp: Display: Loaded TP LuminTargetPlatform
[2019.01.23-18.47.22:951][  0]LogTargetPlatformManager: Display: Building Assets For Windows
[2019.01.23-18.47.23:217][  0]LogXGEController: Cleaning working directory: C:/Users/Owner/AppData/Local/Temp/UnrealXGEWorkingDir/
[2019.01.23-18.47.23:218][  0]LogXGEController: Cannot use XGE Controller as Incredibuild is not installed on this machine.
[2019.01.23-18.47.23:218][  0]LogShaderCompilers: Cannot use XGE Shader Compiler as Incredibuild is not installed on this machine.
[2019.01.23-18.47.23:218][  0]LogShaderCompilers: Display: Using Local Shader Compiler.
[2019.01.23-18.47.25:617][  0]LogDerivedDataCache: Display: Max Cache Size: 512 MB
[2019.01.23-18.47.25:741][  0]LogDerivedDataCache: Loaded boot cache 0.12s 71MB C:/Users/Owner/AppData/Local/UnrealEngine/4.20/DerivedDataCache/Boot.ddc.
[2019.01.23-18.47.25:742][  0]LogDerivedDataCache: Display: Loaded Boot cache: C:/Users/Owner/AppData/Local/UnrealEngine/4.20/DerivedDataCache/Boot.ddc
[2019.01.23-18.47.25:742][  0]LogDerivedDataCache: FDerivedDataBackendGraph:  Pak pak cache file ../../../../../../Users/Owner/Documents/SG_AssetPipeline/SG_ICWhiteBox_001/DerivedDataCache/DDC.ddp not found, will not use a pak cache.
[2019.01.23-18.47.25:742][  0]LogDerivedDataCache: Unable to find inner node Pak for hierarchical cache Hierarchy.
[2019.01.23-18.47.25:742][  0]LogDerivedDataCache: FDerivedDataBackendGraph:  CompressedPak pak cache file ../../../../../../Users/Owner/Documents/SG_AssetPipeline/SG_ICWhiteBox_001/DerivedDataCache/Compressed.ddp not found, will not use a pak cache.
[2019.01.23-18.47.25:743][  0]LogDerivedDataCache: Unable to find inner node CompressedPak for hierarchical cache Hierarchy.
[2019.01.23-18.47.25:774][  0]LogDerivedDataCache: Display: Pak cache opened for reading ../../../Engine/DerivedDataCache/Compressed.ddp.
[2019.01.23-18.47.25:788][  0]LogDerivedDataCache: Using Local data cache path C:/Users/Owner/AppData/Local/UnrealEngine/Common/DerivedDataCache: Writable
[2019.01.23-18.47.25:788][  0]LogDerivedDataCache: Shared data cache path not found in *engine.ini, will not use an Shared cache.
[2019.01.23-18.47.25:788][  0]LogDerivedDataCache: Unable to find inner node Shared for hierarchical cache Hierarchy.
[2019.01.23-18.47.25:830][  0]LogMaterial: Verifying Global Shaders for PCD3D_SM5
[2019.01.23-18.47.25:833][  0]LogSlate: Using FreeType 2.6.0
[2019.01.23-18.47.25:836][  0]LogSlate: SlateFontServices - WITH_FREETYPE: 1, WITH_HARFBUZZ: 1
[2019.01.23-18.47.26:062][  0]LogAssetRegistry: FAssetRegistry took 0.0324 seconds to start up
[2019.01.23-18.47.26:900][  0]LogInit: Selected Device Profile: [Windows]
[2019.01.23-18.47.27:270][  0]LogSimplygon: Simplygon DLL not present - disabling.
[2019.01.23-18.47.27:282][  0]LogMeshReduction: Using SimplygonSwarm for distributed automatic mesh merging
[2019.01.23-18.47.27:282][  0]LogMeshReduction: Using ProxyLODMeshReduction for automatic mesh merging
[2019.01.23-18.47.27:282][  0]LogMeshReduction: Using QuadricMeshReduction for automatic static mesh reduction
[2019.01.23-18.47.27:282][  0]LogMeshReduction: No automatic skeletal mesh reduction module available
[2019.01.23-18.47.27:329][  0]LogNetVersion: SG_ICWhiteBox_001 1.0.0, NetCL: 4212847, EngineNetVer: 5, GameNetVer: 0 (Checksum: 1353614274)
[2019.01.23-18.47.29:070][  0]LogPackageLocalizationCache: Processed 11 localized package path(s) for 2 prioritized culture(s) in 0.234733 seconds
[2019.01.23-18.47.29:083][  0]LogUObjectArray: 38425 objects as part of root set at end of initial load.
[2019.01.23-18.47.29:083][  0]LogUObjectAllocator: 6690864 out of 0 bytes used by permanent object pool.
[2019.01.23-18.47.29:083][  0]LogUObjectArray: CloseDisregardForGC: 0/0 objects in disregard for GC pool
[2019.01.23-18.47.32:400][  0]LogTcpMessaging: Initializing TcpMessaging bridge
[2019.01.23-18.47.32:418][  0]LogUdpMessaging: Initializing bridge on interface 0.0.0.0:0 to multicast group 230.0.0.1:6666.
[2019.01.23-18.47.32:771][  0]SourceControl: Source control is disabled
[2019.01.23-18.47.32:771][  0]SourceControl: Source control is disabled
[2019.01.23-18.47.32:777][  0]SourceControl: Source control is disabled
[2019.01.23-18.47.32:782][  0]SourceControl: Source control is disabled
[2019.01.23-18.47.33:188][  0]LogAndroidPermission: UAndroidPermissionCallbackProxy::GetInstance
[2019.01.23-18.47.33:343][  0]LogOcInput: OculusInput pre-init called
[2019.01.23-18.47.33:512][  0]LogEngine: Initializing Engine...
[2019.01.23-18.47.33:515][  0]LogHMD: Failed to initialize OpenVR with code 110
[2019.01.23-18.47.33:521][  0]LogStats: UGameplayTagsManager::ConstructGameplayTagTree: ImportINI prefixes -  0.000 s
[2019.01.23-18.47.33:521][  0]LogStats: UGameplayTagsManager::ConstructGameplayTagTree: Construct from data asset -  0.000 s
[2019.01.23-18.47.33:522][  0]LogStats: UGameplayTagsManager::ConstructGameplayTagTree: ImportINI -  0.000 s
[2019.01.23-18.47.33:522][  0]LogStats: UGameplayTagsManager::ConstructGameplayTagTree: GameplayTagTreeChangedEvent.Broadcast -  0.000 s
[2019.01.23-18.47.34:092][  0]LogInit: Initializing FReadOnlyCVARCache
[2019.01.23-18.47.34:126][  0]LogAIModule: Creating AISystem for world Untitled
[2019.01.23-18.47.34:291][  0]LogInit: XAudio2 using 'Speakers (Realtek(R) Audio)' : 2 channels at 48 kHz using 32 bits per sample (channel mask 0x3)
[2019.01.23-18.47.34:487][  0]LogInit: FAudioDevice initialized.
[2019.01.23-18.47.34:488][  0]LogNetVersion: Set ProjectVersion to 1.0.0.0. Version Checksum will be recalculated on next use.
[2019.01.23-18.47.34:616][  0]LogDerivedDataCache: Saved boot cache 0.13s 71MB C:/Users/Owner/AppData/Local/UnrealEngine/4.20/DerivedDataCache/Boot.ddc.
[2019.01.23-18.47.34:641][  0]LogInit: Texture streaming: Enabled
[2019.01.23-18.47.34:687][  0]LogEngineSessionManager: EngineSessionManager initialized
[2019.01.23-18.47.34:687][  0]LogEngineSessionManager: EngineSessionManager sent abnormal shutdown report. Type=Crashed, SessionId={7B428994-4E9E-6517-1C1B-19B1F20B74B8}
[2019.01.23-18.47.34:835][  0]LogInit: Transaction tracking system initialized
[2019.01.23-18.47.34:904][  0]BlueprintLog: New page: Editor Load
[2019.01.23-18.47.35:147][  0]LocalizationService: Localization service is disabled
[2019.01.23-18.47.35:951][  0]LogCook: Display: Max memory allowance for cook 16384mb min free memory 0mb
[2019.01.23-18.47.35:952][  0]LogCook: Display: Mobile HDR setting 1
[2019.01.23-18.47.35:952][  0]LogFileCache: Scanning file cache for directory 'C:/Users/Owner/Documents/SG_AssetPipeline/SG_ICWhiteBox_001/Content/' took 0.01s
[2019.01.23-18.47.35:952][  0]LogGameplayTags: Display: UGameplayTagsManager::DoneAddingNativeTags. DelegateIsBound: 0
[2019.01.23-18.47.35:952][  0]LogStats: UGameplayTagsManager::ConstructGameplayTagTree: ImportINI prefixes -  0.000 s
[2019.01.23-18.47.35:952][  0]LogStats: UGameplayTagsManager::ConstructGameplayTagTree: Construct from data asset -  0.000 s
[2019.01.23-18.47.35:952][  0]LogStats: UGameplayTagsManager::ConstructGameplayTagTree: ImportINI -  0.000 s
[2019.01.23-18.47.35:952][  0]LogStats: UGameplayTagsManager::ConstructGameplayTagTree: GameplayTagTreeChangedEvent.Broadcast -  0.000 s
[2019.01.23-18.47.36:328][  0]SourceControl: Source control is disabled
[2019.01.23-18.47.36:328][  0]Cmd: MAP LOAD FILE="../../../Engine/Content/Maps/Templates/Template_Default.umap" TEMPLATE=1 SHOWPROGRESS=1 FEATURELEVEL=3
[2019.01.23-18.47.36:329][  0]LightingResults: New page: Lighting Build
[2019.01.23-18.47.36:338][  0]MapCheck: New page: Map Check
[2019.01.23-18.47.36:338][  0]LightingResults: New page: Lighting Build
[2019.01.23-18.47.36:861][  0]LogAIModule: Creating AISystem for world Untitled_1
[2019.01.23-18.47.36:881][  0]LogEditorServer: Finished looking for orphan Actors (0.000 secs)
[2019.01.23-18.47.36:951][  0]Cmd: MAP CHECKDEP NOCLEARLOG
[2019.01.23-18.47.37:313][  0]MapCheck: Map check complete: 0 Error(s), 0 Warning(s), took 363.019ms to complete.
[2019.01.23-18.47.37:314][  0]LogFileHelpers: Loading map 'Template_Default' took 0.986
[2019.01.23-18.47.37:506][  0]LogSlate: Updating window title bar state: overlay mode, drag disabled, window buttons hidden, title bar hidden
[2019.01.23-18.47.37:531][  0]LogSlate: Updating window title bar state: overlay mode, drag disabled, window buttons hidden, title bar hidden
[2019.01.23-18.47.37:556][  0]LogSlate: Updating window title bar state: overlay mode, drag disabled, window buttons hidden, title bar hidden
[2019.01.23-18.47.37:580][  0]LogSlate: Updating window title bar state: overlay mode, drag disabled, window buttons hidden, title bar hidden
[2019.01.23-18.47.37:604][  0]LogCollectionManager: Loaded 0 collections in 0.005176 seconds
[2019.01.23-18.47.37:667][  0]LogFileCache: Scanning file cache for directory 'C:/Users/Owner/Documents/SG_AssetPipeline/SG_ICWhiteBox_001/Saved/Collections/' took 0.01s
[2019.01.23-18.47.37:667][  0]LogFileCache: Scanning file cache for directory 'C:/Users/Owner/Documents/SG_AssetPipeline/SG_ICWhiteBox_001/Content/Developers/Owner/Collections/' took 0.01s
[2019.01.23-18.47.37:667][  0]LogFileCache: Scanning file cache for directory 'C:/Users/Owner/Documents/SG_AssetPipeline/SG_ICWhiteBox_001/Content/Collections/' took 0.01s
[2019.01.23-18.47.37:668][  0]LogCollectionManager: Rebuilt the GUID cache for 0 collections in 0.000000 seconds
[2019.01.23-18.47.37:694][  0]LogContentBrowser: Native class hierarchy populated in 0.0256 seconds. Added 2572 classes and 603 folders.
[2019.01.23-18.47.37:719][  0]LogContentBrowser: Native class hierarchy updated for 'WidgetCarousel' in 0.0008 seconds. Added 0 classes and 0 folders.
[2019.01.23-18.47.37:927][  0]LogContentBrowser: Native class hierarchy updated for 'AddContentDialog' in 0.0006 seconds. Added 0 classes and 0 folders.
[2019.01.23-18.47.37:943][  0]LogContentBrowser: Native class hierarchy updated for 'SceneOutliner' in 0.0007 seconds. Added 1 classes and 2 folders.
[2019.01.23-18.47.37:981][  0]LogSlate: Took 0.000901 seconds to synchronously load lazily loaded font '../../../Engine/Content/Slate/Fonts/Roboto-Regular.ttf' (155K)
[2019.01.23-18.47.37:987][  0]LogSlate: Took 0.001372 seconds to synchronously load lazily loaded font '../../../Engine/Content/Slate/Fonts/Roboto-Bold.ttf' (160K)
[2019.01.23-18.47.38:000][  0]LogSlate: Took 0.000881 seconds to synchronously load lazily loaded font '../../../Engine/Content/Editor/Slate/Fonts/FontAwesome.ttf' (139K)
[2019.01.23-18.47.38:194][  0]LogRenderer: Reallocating scene render targets to support 964x436 Format 10 NumSamples 1 (Frame:1).
[2019.01.23-18.47.38:625][  0]LogSlate: FSceneViewport::OnFocusLost() reason 2
[2019.01.23-18.47.38:691][  0]LogSlate: Window 'Tutorials' being destroyed
[2019.01.23-18.47.38:736][  0]LogContentBrowser: Native class hierarchy updated for 'HierarchicalLODOutliner' in 0.0006 seconds. Added 0 classes and 0 folders.
[2019.01.23-18.47.38:736][  0]LogLoad: (Engine Initialization) Total time: 25.03 seconds
[2019.01.23-18.47.38:736][  0]LogLoad: (Engine Initialization) Total Blueprint compile time: 0.00 seconds
[2019.01.23-18.47.38:761][  0]LogWindowsTextInputMethodSystem: Display: IME system now deactivated.
[2019.01.23-18.47.38:788][  0]LogContentStreaming: Texture pool size now 1000 MB
[2019.01.23-18.47.38:898][  2]LogAssetRegistry: Asset discovery search completed in 12.8585 seconds
[2019.01.23-18.47.38:901][  2]LogCollectionManager: Rebuilt the object cache for 0 collections in 0.000000 seconds (found 0 objects)
[2019.01.23-18.47.38:902][  2]LogCollectionManager: Fixed up redirectors for 0 collections in 0.000127 seconds (updated 0 objects)
[2019.01.23-18.47.42:871][121]LogSlate: Took 0.001201 seconds to synchronously load lazily loaded font '../../../Engine/Content/Slate/Fonts/Roboto-Light.ttf' (167K)
[2019.01.23-18.48.03:005][361]LogSlate: FSceneViewport::OnFocusLost() reason 0
[2019.01.23-18.48.03:236][363]LogSlate: Took 0.000570 seconds to synchronously load lazily loaded font '../../../Engine/Content/Slate/Fonts/Roboto-Light.ttf' (167K)
[2019.01.23-18.48.04:319][363]LogAIModule: Creating AISystem for world SG_ICWBox_002
[2019.01.23-18.48.04:471][363]LogAssetEditorManager: Opening Asset editor for World /Game/SG_ICWBox_002.SG_ICWBox_002
[2019.01.23-18.48.04:556][363]Cmd: MAP LOAD FILE="../../../../../../Users/Owner/Documents/SG_AssetPipeline/SG_ICWhiteBox_001/Content/SG_ICWBox_002.umap" TEMPLATE=0 SHOWPROGRESS=1 FEATURELEVEL=3
[2019.01.23-18.48.04:556][363]LightingResults: New page: Lighting Build
[2019.01.23-18.48.04:558][363]LoadErrors: New page: Loading map: SG_ICWBox_002.umap
[2019.01.23-18.48.04:558][363]MapCheck: New page: Map Check
[2019.01.23-18.48.04:558][363]LightingResults: New page: Lighting Build
[2019.01.23-18.48.04:648][363]LogEditorServer: Finished looking for orphan Actors (0.000 secs)
[2019.01.23-18.48.04:774][363]Cmd: MAP CHECKDEP NOCLEARLOG
[2019.01.23-18.48.05:259][363]MapCheck: Map check complete: 0 Error(s), 0 Warning(s), took 484.169ms to complete.
[2019.01.23-18.48.05:262][363]LogFileHelpers: Loading map 'SG_ICWBox_002' took 0.708
[2019.01.23-18.48.16:784][635]LogSlate: FSceneViewport::OnFocusLost() reason 2
[2019.01.23-18.48.16:880][635]Cmd: OBJ SAVEPACKAGE PACKAGE="/Game/SG_ICWBox_002" FILE="../../../../../../Users/Owner/Documents/SG_AssetPipeline/SG_ICWhiteBox_001/Content/SG_ICWBox_002.umap" SILENT=true AUTOSAVING=false KEEPDIRTY=false
[2019.01.23-18.48.19:829][635]LogSavePackage: Moving '../../../../../../Users/Owner/Documents/SG_AssetPipeline/SG_ICWhiteBox_001/Saved/SG_ICWBox_00242BE697A49481BD2814986BE0BE4ED95.tmp' to '../../../../../../Users/Owner/Documents/SG_AssetPipeline/SG_ICWhiteBox_001/Content/SG_ICWBox_002.umap'
[2019.01.23-18.48.19:900][635]Cmd: OBJ SAVEPACKAGE PACKAGE="/Game/SG_ICWBox_002_BuiltData" FILE="../../../../../../Users/Owner/Documents/SG_AssetPipeline/SG_ICWhiteBox_001/Content/SG_ICWBox_002_BuiltData.uasset" SILENT=true
[2019.01.23-18.48.19:965][635]LogSavePackage: Moving '../../../../../../Users/Owner/Documents/SG_AssetPipeline/SG_ICWhiteBox_001/Saved/SG_ICWBox_002_BuiltData067AE65A43678720FF5A46BEA640BCB0.tmp' to '../../../../../../Users/Owner/Documents/SG_AssetPipeline/SG_ICWhiteBox_001/Content/SG_ICWBox_002_BuiltData.uasset'
[2019.01.23-18.48.50:323][424]LogSlate: FSceneViewport::OnFocusLost() reason 0
[2019.01.23-18.49.44:010][791]LogSlate: FSceneViewport::OnFocusLost() reason 2
[2019.01.23-18.49.44:096][791]Cmd: OBJ SAVEPACKAGE PACKAGE="/Game/SG_ICWBox_002" FILE="../../../../../../Users/Owner/Documents/SG_AssetPipeline/SG_ICWhiteBox_001/Content/SG_ICWBox_002.umap" SILENT=true AUTOSAVING=false KEEPDIRTY=false
[2019.01.23-18.49.47:084][791]LogSavePackage: Moving '../../../../../../Users/Owner/Documents/SG_AssetPipeline/SG_ICWhiteBox_001/Saved/SG_ICWBox_002053C0D4D44EF940FE4D69DB47F588F01.tmp' to '../../../../../../Users/Owner/Documents/SG_AssetPipeline/SG_ICWhiteBox_001/Content/SG_ICWBox_002.umap'
[2019.01.23-18.49.47:161][791]Cmd: OBJ SAVEPACKAGE PACKAGE="/Game/SG_ICWBox_002_BuiltData" FILE="../../../../../../Users/Owner/Documents/SG_AssetPipeline/SG_ICWhiteBox_001/Content/SG_ICWBox_002_BuiltData.uasset" SILENT=true
[2019.01.23-18.49.47:223][791]LogSavePackage: Moving '../../../../../../Users/Owner/Documents/SG_AssetPipeline/SG_ICWhiteBox_001/Saved/SG_ICWBox_002_BuiltData6CEAFD4F4664651EEAF206A679461555.tmp' to '../../../../../../Users/Owner/Documents/SG_AssetPipeline/SG_ICWhiteBox_001/Content/SG_ICWBox_002_BuiltData.uasset'
[2019.01.23-18.50.29:533][993]Cmd: CAMERA ALIGN ACTIVEVIEWPORTONLY
[2019.01.23-18.50.32:410][ 79]Cmd: TRANSACTION UNDO
[2019.01.23-18.50.32:410][ 79]LogEditorTransaction: Undo Move Actors
[2019.01.23-18.50.33:279][ 79]LogActorComponent: ~FComponentReregisterContext: (/Game/SG_ICWBox_002.SG_ICWBox_002:PersistentLevel.Brush_Street_36.BrushComponent0) Component already registered.
[2019.01.23-18.50.33:286][ 79]LogActorComponent: ~FComponentReregisterContext: (/Game/SG_ICWBox_002.SG_ICWBox_002:PersistentLevel.Brush_Street_9.BrushComponent0) Component already registered.
[2019.01.23-18.50.33:371][ 79]LogActorComponent: ~FComponentReregisterContext: (/Game/SG_ICWBox_002.SG_ICWBox_002:PersistentLevel.Brush_Street_13.BrushComponent0) Component already registered.
[2019.01.23-18.50.33:376][ 79]LogActorComponent: ~FComponentReregisterContext: (/Game/SG_ICWBox_002.SG_ICWBox_002:PersistentLevel.Brush_Sidewalk_34.BrushComponent0) Component already registered.
[2019.01.23-18.50.33:384][ 79]LogActorComponent: ~FComponentReregisterContext: (/Game/SG_ICWBox_002.SG_ICWBox_002:PersistentLevel.Brush_Street_53.BrushComponent0) Component already registered.
[2019.01.23-18.50.33:388][ 79]LogActorComponent: ~FComponentReregisterContext: (/Game/SG_ICWBox_002.SG_ICWBox_002:PersistentLevel.BoxBrush198.BrushComponent0) Component already registered.
[2019.01.23-18.50.33:397][ 79]LogActorComponent: ~FComponentReregisterContext: (/Game/SG_ICWBox_002.SG_ICWBox_002:PersistentLevel.Brush_Sidewalk_69.BrushComponent0) Component already registered.
[2019.01.23-18.50.33:408][ 79]LogActorComponent: ~FComponentReregisterContext: (/Game/SG_ICWBox_002.SG_ICWBox_002:PersistentLevel.Box_BenchSide_10.BrushComponent0) Component already registered.
[2019.01.23-18.50.33:419][ 79]LogActorComponent: ~FComponentReregisterContext: (/Game/SG_ICWBox_002.SG_ICWBox_002:PersistentLevel.Box_BenchSeat_1.BrushComponent0) Component already registered.
[2019.01.23-18.50.33:429][ 79]LogActorComponent: ~FComponentReregisterContext: (/Game/SG_ICWBox_002.SG_ICWBox_002:PersistentLevel.Brush_Street_133.BrushComponent0) Component already registered.
[2019.01.23-18.50.33:434][ 79]LogActorComponent: ~FComponentReregisterContext: (/Game/SG_ICWBox_002.SG_ICWBox_002:PersistentLevel.BoxBrush116.BrushComponent0) Component already registered.
[2019.01.23-18.50.33:437][ 79]LogActorComponent: ~FComponentReregisterContext: (/Game/SG_ICWBox_002.SG_ICWBox_002:PersistentLevel.BoxBrush93.BrushComponent0) Component already registered.
[2019.01.23-18.50.33:440][ 79]LogActorComponent: ~FComponentReregisterContext: (/Game/SG_ICWBox_002.SG_ICWBox_002:PersistentLevel.BoxBrush97.BrushComponent0) Component already registered.
[2019.01.23-18.50.33:443][ 79]LogActorComponent: ~FComponentReregisterContext: (/Game/SG_ICWBox_002.SG_ICWBox_002:PersistentLevel.BoxBrush157.BrushComponent0) Component already registered.
[2019.01.23-18.50.33:447][ 79]LogActorComponent: ~FComponentReregisterContext: (/Game/SG_ICWBox_002.SG_ICWBox_002:PersistentLevel.BoxBrush161.BrushComponent0) Component already registered.
[2019.01.23-18.50.33:450][ 79]LogActorComponent: ~FComponentReregisterContext: (/Game/SG_ICWBox_002.SG_ICWBox_002:PersistentLevel.BoxBrush138.BrushComponent0) Component already registered.
[2019.01.23-18.50.33:454][ 79]LogActorComponent: ~FComponentReregisterContext: (/Game/SG_ICWBox_002.SG_ICWBox_002:PersistentLevel.Brush_Street_142.BrushComponent0) Component already registered.
[2019.01.23-18.50.33:645][ 79]Cmd: TRANSACTION UNDO
[2019.01.23-18.50.33:645][ 79]LogEditorTransaction: Undo Move Actors
[2019.01.23-18.50.34:351][ 79]LogActorComponent: ~FComponentReregisterContext: (/Game/SG_ICWBox_002.SG_ICWBox_002:PersistentLevel.Brush_Sidewalk_47.BrushComponent0) Component already registered.
[2019.01.23-18.50.34:358][ 79]LogActorComponent: ~FComponentReregisterContext: (/Game/SG_ICWBox_002.SG_ICWBox_002:PersistentLevel.BoxBrush23.BrushComponent0) Component already registered.
[2019.01.23-18.50.34:452][ 79]LogActorComponent: ~FComponentReregisterContext: (/Game/SG_ICWBox_002.SG_ICWBox_002:PersistentLevel.Brush_Street_38.BrushComponent0) Component already registered.
[2019.01.23-18.50.34:461][ 79]LogActorComponent: ~FComponentReregisterContext: (/Game/SG_ICWBox_002.SG_ICWBox_002:PersistentLevel.Brush_Sidewalk_34.BrushComponent0) Component already registered.
[2019.01.23-18.50.34:468][ 79]LogActorComponent: ~FComponentReregisterContext: (/Game/SG_ICWBox_002.SG_ICWBox_002:PersistentLevel.Brush_Street_53.BrushComponent0) Component already registered.
[2019.01.23-18.50.34:473][ 79]LogActorComponent: ~FComponentReregisterContext: (/Game/SG_ICWBox_002.SG_ICWBox_002:PersistentLevel.BoxBrush202.BrushComponent0) Component already registered.
[2019.01.23-18.50.34:477][ 79]LogActorComponent: ~FComponentReregisterContext: (/Game/SG_ICWBox_002.SG_ICWBox_002:PersistentLevel.Brush_Street_168.BrushComponent0) Component already registered.
[2019.01.23-18.50.34:481][ 79]LogActorComponent: ~FComponentReregisterContext: (/Game/SG_ICWBox_002.SG_ICWBox_002:PersistentLevel.Brush_Street_160.BrushComponent0) Component already registered.
[2019.01.23-18.50.34:485][ 79]LogActorComponent: ~FComponentReregisterContext: (/Game/SG_ICWBox_002.SG_ICWBox_002:PersistentLevel.BoxBrush180.BrushComponent0) Component already registered.
[2019.01.23-18.50.34:487][ 79]LogActorComponent: ~FComponentReregisterContext: (/Game/SG_ICWBox_002.SG_ICWBox_002:PersistentLevel.Box_BenchSide_10.BrushComponent0) Component already registered.
[2019.01.23-18.50.34:494][ 79]LogActorComponent: ~FComponentReregisterContext: (/Game/SG_ICWBox_002.SG_ICWBox_002:PersistentLevel.Box_BenchSeat_1.BrushComponent0) Component already registered.
[2019.01.23-18.50.34:513][ 79]LogActorComponent: ~FComponentReregisterContext: (/Game/SG_ICWBox_002.SG_ICWBox_002:PersistentLevel.BoxBrush157.BrushComponent0) Component already registered.
[2019.01.23-18.50.34:517][ 79]LogActorComponent: ~FComponentReregisterContext: (/Game/SG_ICWBox_002.SG_ICWBox_002:PersistentLevel.BoxBrush161.BrushComponent0) Component already registered.
[2019.01.23-18.50.34:521][ 79]LogActorComponent: ~FComponentReregisterContext: (/Game/SG_ICWBox_002.SG_ICWBox_002:PersistentLevel.BoxBrush138.BrushComponent0) Component already registered.
[2019.01.23-18.50.34:525][ 79]LogActorComponent: ~FComponentReregisterContext: (/Game/SG_ICWBox_002.SG_ICWBox_002:PersistentLevel.Brush_Street_142.BrushComponent0) Component already registered.
[2019.01.23-18.50.34:689][ 79]Cmd: TRANSACTION UNDO
[2019.01.23-18.50.34:689][ 79]LogEditorTransaction: Undo Select Brush Surface
[2019.01.23-18.50.37:674][152]LogEditorViewport: Clicking on Actor (LMB): StaticMeshActor (mann)
[2019.01.23-18.50.45:311][379]Cmd: TRANSACTION UNDO
[2019.01.23-18.50.45:311][379]LogEditorTransaction: Undo Move Actors
[2019.01.23-18.51.00:462][820]LogSlate: FSceneViewport::OnFocusLost() reason 0
[2019.01.23-18.51.17:551][241]Cmd: BRUSH ADD SELECTNEWBRUSH
[2019.01.23-18.52.46:594][897]LogSlate: FSceneViewport::OnFocusLost() reason 0
[2019.01.23-18.53.12:748][326]Cmd: TRANSACTION UNDO
[2019.01.23-18.53.12:748][326]LogEditorTransaction: Undo Edit Y
[2019.01.23-18.53.13:650][326]LogActorComponent: ~FComponentReregisterContext: (/Game/SG_ICWBox_002.SG_ICWBox_002:PersistentLevel.Brush_Street_95.BrushComponent0) Component already registered.
[2019.01.23-18.53.13:655][326]LogActorComponent: ~FComponentReregisterContext: (/Game/SG_ICWBox_002.SG_ICWBox_002:PersistentLevel.Brush_Street_105.BrushComponent0) Component already registered.
[2019.01.23-18.53.13:666][326]LogActorComponent: ~FComponentReregisterContext: (/Game/SG_ICWBox_002.SG_ICWBox_002:PersistentLevel.BoxBrush79.BrushComponent0) Component already registered.
[2019.01.23-18.53.13:671][326]LogActorComponent: ~FComponentReregisterContext: (/Game/SG_ICWBox_002.SG_ICWBox_002:PersistentLevel.BoxBrush42.BrushComponent0) Component already registered.
[2019.01.23-18.53.13:673][326]LogActorComponent: ~FComponentReregisterContext: (/Game/SG_ICWBox_002.SG_ICWBox_002:PersistentLevel.BoxBrush64.BrushComponent0) Component already registered.
[2019.01.23-18.53.13:676][326]LogActorComponent: ~FComponentReregisterContext: (/Game/SG_ICWBox_002.SG_ICWBox_002:PersistentLevel.Brush_Sidewalk_16.BrushComponent0) Component already registered.
[2019.01.23-18.53.13:680][326]LogActorComponent: ~FComponentReregisterContext: (/Game/SG_ICWBox_002.SG_ICWBox_002:PersistentLevel.Brush_Street_29.BrushComponent0) Component already registered.
[2019.01.23-18.53.13:736][326]LogActorComponent: ~FComponentReregisterContext: (/Game/SG_ICWBox_002.SG_ICWBox_002:PersistentLevel.Brush_Sidewalk_31.BrushComponent0) Component already registered.
[2019.01.23-18.53.13:741][326]LogActorComponent: ~FComponentReregisterContext: (/Game/SG_ICWBox_002.SG_ICWBox_002:PersistentLevel.Brush_Street_46.BrushComponent0) Component already registered.
[2019.01.23-18.53.13:744][326]LogActorComponent: ~FComponentReregisterContext: (/Game/SG_ICWBox_002.SG_ICWBox_002:PersistentLevel.Brush_Street_48.BrushComponent0) Component already registered.
[2019.01.23-18.53.13:746][326]LogActorComponent: ~FComponentReregisterContext: (/Game/SG_ICWBox_002.SG_ICWBox_002:PersistentLevel.BoxBrush198.BrushComponent0) Component already registered.
[2019.01.23-18.53.13:750][326]LogActorComponent: ~FComponentReregisterContext: (/Game/SG_ICWBox_002.SG_ICWBox_002:PersistentLevel.Brush_Sidewalk_69.BrushComponent0) Component already registered.
[2019.01.23-18.53.13:757][326]LogActorComponent: ~FComponentReregisterContext: (/Game/SG_ICWBox_002.SG_ICWBox_002:PersistentLevel.SphereBrush3.BrushComponent0) Component already registered.
[2019.01.23-18.53.13:773][326]LogActorComponent: ~FComponentReregisterContext: (/Game/SG_ICWBox_002.SG_ICWBox_002:PersistentLevel.Brush_Street_127.BrushComponent0) Component already registered.
[2019.01.23-18.53.13:776][326]LogActorComponent: ~FComponentReregisterContext: (/Game/SG_ICWBox_002.SG_ICWBox_002:PersistentLevel.BoxBrush157.BrushComponent0) Component already registered.
[2019.01.23-18.53.13:779][326]LogActorComponent: ~FComponentReregisterContext: (/Game/SG_ICWBox_002.SG_ICWBox_002:PersistentLevel.BoxBrush161.BrushComponent0) Component already registered.
[2019.01.23-18.53.13:936][326]Cmd: TRANSACTION UNDO
[2019.01.23-18.53.13:936][326]LogEditorTransaction: Undo Edit Z
[2019.01.23-18.53.14:592][326]LogActorComponent: ~FComponentReregisterContext: (/Game/SG_ICWBox_002.SG_ICWBox_002:PersistentLevel.Brush_Street_95.BrushComponent0) Component already registered.
[2019.01.23-18.53.14:595][326]LogActorComponent: ~FComponentReregisterContext: (/Game/SG_ICWBox_002.SG_ICWBox_002:PersistentLevel.Brush_Street_105.BrushComponent0) Component already registered.
[2019.01.23-18.53.14:603][326]LogActorComponent: ~FComponentReregisterContext: (/Game/SG_ICWBox_002.SG_ICWBox_002:PersistentLevel.BoxBrush79.BrushComponent0) Component already registered.
[2019.01.23-18.53.14:607][326]LogActorComponent: ~FComponentReregisterContext: (/Game/SG_ICWBox_002.SG_ICWBox_002:PersistentLevel.BoxBrush42.BrushComponent0) Component already registered.
[2019.01.23-18.53.14:609][326]LogActorComponent: ~FComponentReregisterContext: (/Game/SG_ICWBox_002.SG_ICWBox_002:PersistentLevel.BoxBrush64.BrushComponent0) Component already registered.
[2019.01.23-18.53.14:612][326]LogActorComponent: ~FComponentReregisterContext: (/Game/SG_ICWBox_002.SG_ICWBox_002:PersistentLevel.Brush_Sidewalk_16.BrushComponent0) Component already registered.
[2019.01.23-18.53.14:615][326]LogActorComponent: ~FComponentReregisterContext: (/Game/SG_ICWBox_002.SG_ICWBox_002:PersistentLevel.Brush_Street_29.BrushComponent0) Component already registered.
[2019.01.23-18.53.14:674][326]LogActorComponent: ~FComponentReregisterContext: (/Game/SG_ICWBox_002.SG_ICWBox_002:PersistentLevel.Brush_Sidewalk_31.BrushComponent0) Component already registered.
[2019.01.23-18.53.14:680][326]LogActorComponent: ~FComponentReregisterContext: (/Game/SG_ICWBox_002.SG_ICWBox_002:PersistentLevel.Brush_Street_46.BrushComponent0) Component already registered.
[2019.01.23-18.53.14:684][326]LogActorComponent: ~FComponentReregisterContext: (/Game/SG_ICWBox_002.SG_ICWBox_002:PersistentLevel.Brush_Street_48.BrushComponent0) Component already registered.
[2019.01.23-18.53.14:685][326]LogActorComponent: ~FComponentReregisterContext: (/Game/SG_ICWBox_002.SG_ICWBox_002:PersistentLevel.BoxBrush198.BrushComponent0) Component already registered.
[2019.01.23-18.53.14:690][326]LogActorComponent: ~FComponentReregisterContext: (/Game/SG_ICWBox_002.SG_ICWBox_002:PersistentLevel.Brush_Sidewalk_69.BrushComponent0) Component already registered.
[2019.01.23-18.53.14:696][326]LogActorComponent: ~FComponentReregisterContext: (/Game/SG_ICWBox_002.SG_ICWBox_002:PersistentLevel.SphereBrush3.BrushComponent0) Component already registered.
[2019.01.23-18.53.14:716][326]LogActorComponent: ~FComponentReregisterContext: (/Game/SG_ICWBox_002.SG_ICWBox_002:PersistentLevel.Brush_Street_127.BrushComponent0) Component already registered.
[2019.01.23-18.53.14:720][326]LogActorComponent: ~FComponentReregisterContext: (/Game/SG_ICWBox_002.SG_ICWBox_002:PersistentLevel.BoxBrush157.BrushComponent0) Component already registered.
[2019.01.23-18.53.14:723][326]LogActorComponent: ~FComponentReregisterContext: (/Game/SG_ICWBox_002.SG_ICWBox_002:PersistentLevel.BoxBrush161.BrushComponent0) Component already registered.
[2019.01.23-18.53.16:448][339]LogD3D11RHI: Timed out while waiting for GPU to catch up. (0.5 s)
[2019.01.23-18.53.16:949][340]LogD3D11RHI: Timed out while waiting for GPU to catch up. (0.5 s)
[2019.01.23-18.53.17:451][340]LogD3D11RHI: Timed out while waiting for GPU to catch up. (0.5 s)
[2019.01.23-18.53.17:950][340]LogD3D11RHI: Timed out while waiting for GPU to catch up. (0.5 s)
[2019.01.23-18.53.18:450][340]LogD3D11RHI: Timed out while waiting for GPU to catch up. (0.5 s)
[2019.01.23-18.53.18:951][340]LogD3D11RHI: Timed out while waiting for GPU to catch up. (0.5 s)
[2019.01.23-18.53.19:449][340]LogD3D11RHI: Timed out while waiting for GPU to catch up. (0.5 s)
[2019.01.23-18.53.19:950][340]LogD3D11RHI: Timed out while waiting for GPU to catch up. (0.5 s)
[2019.01.23-18.53.20:449][340]LogD3D11RHI: Timed out while waiting for GPU to catch up. (0.5 s)
[2019.01.23-18.53.20:951][340]LogD3D11RHI: Timed out while waiting for GPU to catch up. (0.5 s)
[2019.01.23-18.53.21:450][340]LogD3D11RHI: Timed out while waiting for GPU to catch up. (0.5 s)
[2019.01.23-18.53.21:950][340]LogD3D11RHI: Timed out while waiting for GPU to catch up. (0.5 s)
[2019.01.23-18.53.22:450][340]LogD3D11RHI: Timed out while waiting for GPU to catch up. (0.5 s)
[2019.01.23-18.53.22:950][340]LogD3D11RHI: Timed out while waiting for GPU to catch up. (0.5 s)
[2019.01.23-18.53.23:450][340]LogD3D11RHI: Timed out while waiting for GPU to catch up. (0.5 s)
[2019.01.23-18.53.23:951][340]LogD3D11RHI: Timed out while waiting for GPU to catch up. (0.5 s)
[2019.01.23-18.53.24:451][340]LogD3D11RHI: Timed out while waiting for GPU to catch up. (0.5 s)
[2019.01.23-18.53.24:950][340]LogD3D11RHI: Timed out while waiting for GPU to catch up. (0.5 s)
[2019.01.23-18.53.25:450][340]LogD3D11RHI: Timed out while waiting for GPU to catch up. (0.5 s)
[2019.01.23-18.53.25:950][340]LogD3D11RHI: Timed out while waiting for GPU to catch up. (0.5 s)
[2019.01.23-18.53.26:451][340]LogD3D11RHI: Timed out while waiting for GPU to catch up. (0.5 s)
[2019.01.23-18.53.26:951][340]LogD3D11RHI: Timed out while waiting for GPU to catch up. (0.5 s)
[2019.01.23-18.53.27:451][340]LogD3D11RHI: Timed out while waiting for GPU to catch up. (0.5 s)
[2019.01.23-18.53.27:951][340]LogD3D11RHI: Timed out while waiting for GPU to catch up. (0.5 s)
[2019.01.23-18.53.28:450][340]LogD3D11RHI: Timed out while waiting for GPU to catch up. (0.5 s)
[2019.01.23-18.53.28:951][340]LogD3D11RHI: Timed out while waiting for GPU to catch up. (0.5 s)
[2019.01.23-18.53.29:451][340]LogD3D11RHI: Timed out while waiting for GPU to catch up. (0.5 s)
[2019.01.23-18.53.29:952][340]LogD3D11RHI: Timed out while waiting for GPU to catch up. (0.5 s)
[2019.01.23-18.53.30:451][340]LogD3D11RHI: Timed out while waiting for GPU to catch up. (0.5 s)
[2019.01.23-18.53.30:952][340]LogD3D11RHI: Timed out while waiting for GPU to catch up. (0.5 s)
[2019.01.23-18.53.31:450][340]LogD3D11RHI: Timed out while waiting for GPU to catch up. (0.5 s)
[2019.01.23-18.53.31:951][340]LogD3D11RHI: Timed out while waiting for GPU to catch up. (0.5 s)
[2019.01.23-18.53.32:451][340]LogD3D11RHI: Timed out while waiting for GPU to catch up. (0.5 s)
[2019.01.23-18.53.32:950][340]LogD3D11RHI: Timed out while waiting for GPU to catch up. (0.5 s)
[2019.01.23-18.53.33:452][340]LogD3D11RHI: Timed out while waiting for GPU to catch up. (0.5 s)
[2019.01.23-18.53.33:951][340]LogD3D11RHI: Timed out while waiting for GPU to catch up. (0.5 s)
[2019.01.23-18.53.34:451][340]LogD3D11RHI: Timed out while waiting for GPU to catch up. (0.5 s)
[2019.01.23-18.53.34:951][340]LogD3D11RHI: Timed out while waiting for GPU to catch up. (0.5 s)
[2019.01.23-18.53.35:451][340]LogD3D11RHI: Timed out while waiting for GPU to catch up. (0.5 s)
[2019.01.23-18.53.35:951][340]LogD3D11RHI: Timed out while waiting for GPU to catch up. (0.5 s)
[2019.01.23-18.53.36:451][340]LogD3D11RHI: Timed out while waiting for GPU to catch up. (0.5 s)
[2019.01.23-18.53.36:950][340]LogD3D11RHI: Timed out while waiting for GPU to catch up. (0.5 s)
[2019.01.23-18.53.37:451][340]LogD3D11RHI: Timed out while waiting for GPU to catch up. (0.5 s)
[2019.01.23-18.53.37:952][340]LogD3D11RHI: Timed out while waiting for GPU to catch up. (0.5 s)
[2019.01.23-18.53.38:452][340]LogD3D11RHI: Timed out while waiting for GPU to catch up. (0.5 s)
[2019.01.23-18.53.38:951][340]LogD3D11RHI: Timed out while waiting for GPU to catch up. (0.5 s)
[2019.01.23-18.53.39:451][340]LogD3D11RHI: Timed out while waiting for GPU to catch up. (0.5 s)
[2019.01.23-18.53.39:951][340]LogD3D11RHI: Timed out while waiting for GPU to catch up. (0.5 s)
[2019.01.23-18.53.40:451][340]LogD3D11RHI: Timed out while waiting for GPU to catch up. (0.5 s)
[2019.01.23-18.53.40:951][340]LogD3D11RHI: Timed out while waiting for GPU to catch up. (0.5 s)
[2019.01.23-18.53.41:451][340]LogD3D11RHI: Timed out while waiting for GPU to catch up. (0.5 s)
[2019.01.23-18.53.41:951][340]LogD3D11RHI: Timed out while waiting for GPU to catch up. (0.5 s)
[2019.01.23-18.53.42:452][340]LogD3D11RHI: Timed out while waiting for GPU to catch up. (0.5 s)
[2019.01.23-18.53.42:952][340]LogD3D11RHI: Timed out while waiting for GPU to catch up. (0.5 s)
[2019.01.23-18.53.43:451][340]LogD3D11RHI: Timed out while waiting for GPU to catch up. (0.5 s)
[2019.01.23-18.53.43:951][340]LogD3D11RHI: Timed out while waiting for GPU to catch up. (0.5 s)
[2019.01.23-18.53.44:452][340]LogD3D11RHI: Timed out while waiting for GPU to catch up. (0.5 s)
[2019.01.23-18.53.44:951][340]LogD3D11RHI: Timed out while waiting for GPU to catch up. (0.5 s)
[2019.01.23-18.53.45:452][340]LogD3D11RHI: Timed out while waiting for GPU to catch up. (0.5 s)
[2019.01.23-18.53.45:952][340]LogD3D11RHI: Timed out while waiting for GPU to catch up. (0.5 s)
[2019.01.23-18.53.46:451][340]LogD3D11RHI: Timed out while waiting for GPU to catch up. (0.5 s)
[2019.01.23-18.53.46:951][340]LogD3D11RHI: Timed out while waiting for GPU to catch up. (0.5 s)
[2019.01.23-18.53.47:453][340]LogD3D11RHI: Timed out while waiting for GPU to catch up. (0.5 s)
[2019.01.23-18.53.47:952][340]LogD3D11RHI: Timed out while waiting for GPU to catch up. (0.5 s)
[2019.01.23-18.53.48:451][340]LogD3D11RHI: Timed out while waiting for GPU to catch up. (0.5 s)
[2019.01.23-18.53.48:952][340]LogD3D11RHI: Timed out while waiting for GPU to catch up. (0.5 s)
[2019.01.23-18.53.49:453][340]LogD3D11RHI: Timed out while waiting for GPU to catch up. (0.5 s)
[2019.01.23-18.53.49:953][340]LogD3D11RHI: Timed out while waiting for GPU to catch up. (0.5 s)
[2019.01.23-18.53.50:451][340]LogD3D11RHI: Timed out while waiting for GPU to catch up. (0.5 s)
[2019.01.23-18.53.50:951][340]LogD3D11RHI: Timed out while waiting for GPU to catch up. (0.5 s)
[2019.01.23-18.53.51:452][340]LogD3D11RHI: Timed out while waiting for GPU to catch up. (0.5 s)
[2019.01.23-18.53.51:953][340]LogD3D11RHI: Timed out while waiting for GPU to catch up. (0.5 s)
[2019.01.23-18.53.52:452][340]LogD3D11RHI: Timed out while waiting for GPU to catch up. (0.5 s)
[2019.01.23-18.53.52:952][340]LogD3D11RHI: Timed out while waiting for GPU to catch up. (0.5 s)
[2019.01.23-18.53.53:453][340]LogD3D11RHI: Timed out while waiting for GPU to catch up. (0.5 s)
[2019.01.23-18.53.53:952][340]LogD3D11RHI: Timed out while waiting for GPU to catch up. (0.5 s)
[2019.01.23-18.53.54:454][340]LogD3D11RHI: Timed out while waiting for GPU to catch up. (0.5 s)
[2019.01.23-18.53.54:953][340]LogD3D11RHI: Timed out while waiting for GPU to catch up. (0.5 s)
[2019.01.23-18.53.55:453][340]LogD3D11RHI: Timed out while waiting for GPU to catch up. (0.5 s)
[2019.01.23-18.53.55:461][340]LogD3D11RHI: Error: Result failed 
 at D:\Build\++UE4\Sync\Engine\Source\Runtime\Windows\D3D11RHI\Private\D3D11Viewport.cpp:304 
 with error DXGI_ERROR_DEVICE_REMOVED DXGI_ERROR_DEVICE_HUNG
[2019.01.23-18.53.55:461][340]LogD3D11RHI: [Aftermath] GDynamicRHI=000002048CBBC100, GDX11NVAfterMathEnabled=0, Result=0xFFFFFFFF, bDeviceActive=0
[2019.01.23-18.53.55:461][340]LogWindows: Windows GetLastError: The operation completed successfully. (0)
[2019.01.23-18.54.00:042][340]LogWindows: Windows GetLastError: The operation completed successfully. (0)
[2019.01.23-18.54.00:042][340]LogWindows: Error: === Critical error: ===
[2019.01.23-18.54.00:042][340]LogWindows: Error: 
[2019.01.23-18.54.00:042][340]LogWindows: Error: Fatal error: [File:D:\Build\++UE4\Sync\Engine\Source\Runtime\RenderCore\Private\RenderingThread.cpp] [Line: 826] 
[2019.01.23-18.54.00:042][340]LogWindows: Error: Rendering thread exception:
[2019.01.23-18.54.00:042][340]LogWindows: Error: Fatal error: [File:D:\Build\++UE4\Sync\Engine\Source\Runtime\Windows\D3D11RHI\Private\D3D11Util.cpp] [Line: 200] 
[2019.01.23-18.54.00:042][340]LogWindows: Error: Unreal Engine is exiting due to D3D device being lost. (Error: 0x887A0006 - 'HUNG')
[2019.01.23-18.54.00:042][340]LogWindows: Error: 
[2019.01.23-18.54.00:042][340]LogWindows: Error: 
[2019.01.23-18.54.00:043][340]LogWindows: Error: [Callstack] 0x00007ff85229a388 KERNELBASE.dll!UnknownFunction []
[2019.01.23-18.54.00:043][340]LogWindows: Error: [Callstack] 0x00007ff830a66850 UE4Editor-ApplicationCore.dll!UnknownFunction []
[2019.01.23-18.54.00:043][340]LogWindows: Error: [Callstack] 0x00007ffffdb962fc UE4Editor-Core.dll!UnknownFunction []
[2019.01.23-18.54.00:043][340]LogWindows: Error: [Callstack] 0x00007ffffdb251db UE4Editor-Core.dll!UnknownFunction []
[2019.01.23-18.54.00:043][340]LogWindows: Error: [Callstack] 0x00007fffd204adea UE4Editor-D3D11RHI.dll!UnknownFunction []
[2019.01.23-18.54.00:043][340]LogWindows: Error: [Callstack] 0x00007fffd204e6e4 UE4Editor-D3D11RHI.dll!UnknownFunction []
[2019.01.23-18.54.00:043][340]LogWindows: Error: [Callstack] 0x00007fffd202d0aa UE4Editor-D3D11RHI.dll!UnknownFunction []
[2019.01.23-18.54.00:043][340]LogWindows: Error: [Callstack] 0x00007fffd203ab70 UE4Editor-D3D11RHI.dll!UnknownFunction []
[2019.01.23-18.54.00:043][340]LogWindows: Error: [Callstack] 0x00007ff830f0b106 UE4Editor-RHI.dll!UnknownFunction []
[2019.01.23-18.54.00:043][340]LogWindows: Error: [Callstack] 0x00007fffd1f41b42 UE4Editor-SlateRHIRenderer.dll!UnknownFunction []
[2019.01.23-18.54.00:043][340]LogWindows: Error: [Callstack] 0x00007fffd1f47d0a UE4Editor-SlateRHIRenderer.dll!UnknownFunction []
[2019.01.23-18.54.00:043][340]LogWindows: Error: [Callstack] 0x00007ffffd9b1f92 UE4Editor-Core.dll!UnknownFunction []
[2019.01.23-18.54.00:043][340]LogWindows: Error: [Callstack] 0x00007ffffd9b2456 UE4Editor-Core.dll!UnknownFunction []
[2019.01.23-18.54.00:043][340]LogWindows: Error: [Callstack] 0x00007ff83f4c75f9 UE4Editor-RenderCore.dll!UnknownFunction []
[2019.01.23-18.54.00:043][340]LogWindows: Error: [Callstack] 0x00007ff83f4c8574 UE4Editor-RenderCore.dll!UnknownFunction []
[2019.01.23-18.54.00:044][340]LogWindows: Error: [Callstack] 0x00007ffffddf6b7c UE4Editor-Core.dll!UnknownFunction []
[2019.01.23-18.54.00:044][340]LogWindows: Error: [Callstack] 0x00007ffffddf17c7 UE4Editor-Core.dll!UnknownFunction []
[2019.01.23-18.54.00:044][340]LogWindows: Error: [Callstack] 0x00007ff8532a3034 KERNEL32.DLL!UnknownFunction []
[2019.01.23-18.54.00:044][340]LogWindows: Error: [Callstack] 0x00007ff855d63691 ntdll.dll!UnknownFunction []
[2019.01.23-18.54.00:044][340]LogWindows: Error: 
[2019.01.23-18.54.00:044][340]LogWindows: Error: 
[2019.01.23-18.54.00:044][340]LogWindows: Error: 
[2019.01.23-18.54.00:044][340]LogWindows: Error: 
[2019.01.23-18.54.00:070][340]LogExit: Executing StaticShutdownAfterError
[2019.01.23-18.54.00:079][340]LogWindows: FPlatformMisc::RequestExit(1)
[2019.01.23-18.54.00:085][340]Log file closed, 01/23/19 11:54:00
